2018-11-26 00:26:55.197  INFO 6884 --- [restartedMain] com.funnycode.MyblogApplication          : Starting MyblogApplication on xzc-PC with PID 6884 (D:\idea-workspace\myblog\target\classes started by xzc in D:\idea-workspace\myblog)
2018-11-26 00:26:55.959  INFO 6884 --- [restartedMain] com.funnycode.MyblogApplication          : No active profile set, falling back to default profiles: default
2018-11-26 00:26:56.058  INFO 6884 --- [restartedMain] .e.DevToolsPropertyDefaultsPostProcessor : Devtools property defaults active! Set 'spring.devtools.add-properties' to 'false' to disable
2018-11-26 00:26:56.058  INFO 6884 --- [restartedMain] .e.DevToolsPropertyDefaultsPostProcessor : For additional web related logging consider setting the 'logging.level.web' property to 'DEBUG'
2018-11-26 00:26:59.318  INFO 6884 --- [restartedMain] trationDelegate$BeanPostProcessorChecker : Bean 'shiroConfig' of type [com.funnycode.myblog.shiro.ShiroConfig$$EnhancerBySpringCGLIB$$7ed51e47] is not eligible for getting processed by all BeanPostProcessors (for example: not eligible for auto-proxying)
2018-11-26 00:26:59.354  INFO 6884 --- [restartedMain] trationDelegate$BeanPostProcessorChecker : Bean 'org.springframework.transaction.annotation.ProxyTransactionManagementConfiguration' of type [org.springframework.transaction.annotation.ProxyTransactionManagementConfiguration$$EnhancerBySpringCGLIB$$fb15eb28] is not eligible for getting processed by all BeanPostProcessors (for example: not eligible for auto-proxying)
2018-11-26 00:27:01.509  INFO 6884 --- [restartedMain] trationDelegate$BeanPostProcessorChecker : Bean 'modularRealmAuthenticator' of type [com.funnycode.myblog.shiro.realm.MyModularRealmAuthenticator] is not eligible for getting processed by all BeanPostProcessors (for example: not eligible for auto-proxying)
2018-11-26 00:27:01.572  INFO 6884 --- [restartedMain] trationDelegate$BeanPostProcessorChecker : Bean 'hashedCredentialsMatcher' of type [org.apache.shiro.authc.credential.HashedCredentialsMatcher] is not eligible for getting processed by all BeanPostProcessors (for example: not eligible for auto-proxying)
2018-11-26 00:27:04.364  INFO 6884 --- [restartedMain] trationDelegate$BeanPostProcessorChecker : Bean 'mybatis-org.mybatis.spring.boot.autoconfigure.MybatisProperties' of type [org.mybatis.spring.boot.autoconfigure.MybatisProperties] is not eligible for getting processed by all BeanPostProcessors (for example: not eligible for auto-proxying)
2018-11-26 00:27:04.380  INFO 6884 --- [restartedMain] trationDelegate$BeanPostProcessorChecker : Bean 'org.mybatis.spring.boot.autoconfigure.MybatisAutoConfiguration' of type [org.mybatis.spring.boot.autoconfigure.MybatisAutoConfiguration$$EnhancerBySpringCGLIB$$2dea3c58] is not eligible for getting processed by all BeanPostProcessors (for example: not eligible for auto-proxying)
2018-11-26 00:27:04.395  INFO 6884 --- [restartedMain] trationDelegate$BeanPostProcessorChecker : Bean 'org.springframework.boot.autoconfigure.jdbc.DataSourceConfiguration$Generic' of type [org.springframework.boot.autoconfigure.jdbc.DataSourceConfiguration$Generic] is not eligible for getting processed by all BeanPostProcessors (for example: not eligible for auto-proxying)
2018-11-26 00:27:04.754  INFO 6884 --- [restartedMain] trationDelegate$BeanPostProcessorChecker : Bean 'spring.datasource-org.springframework.boot.autoconfigure.jdbc.DataSourceProperties' of type [org.springframework.boot.autoconfigure.jdbc.DataSourceProperties] is not eligible for getting processed by all BeanPostProcessors (for example: not eligible for auto-proxying)
2018-11-26 00:27:05.144  INFO 6884 --- [restartedMain] trationDelegate$BeanPostProcessorChecker : Bean 'dataSource' of type [com.alibaba.druid.pool.DruidDataSource] is not eligible for getting processed by all BeanPostProcessors (for example: not eligible for auto-proxying)
2018-11-26 00:27:05.175  INFO 6884 --- [restartedMain] trationDelegate$BeanPostProcessorChecker : Bean 'org.springframework.boot.autoconfigure.jdbc.DataSourceInitializerInvoker' of type [org.springframework.boot.autoconfigure.jdbc.DataSourceInitializerInvoker] is not eligible for getting processed by all BeanPostProcessors (for example: not eligible for auto-proxying)
2018-11-26 00:27:06.455  INFO 6884 --- [restartedMain] trationDelegate$BeanPostProcessorChecker : Bean 'sqlSessionFactory' of type [org.apache.ibatis.session.defaults.DefaultSqlSessionFactory] is not eligible for getting processed by all BeanPostProcessors (for example: not eligible for auto-proxying)
2018-11-26 00:27:06.470  INFO 6884 --- [restartedMain] trationDelegate$BeanPostProcessorChecker : Bean 'sqlSessionTemplate' of type [org.mybatis.spring.SqlSessionTemplate] is not eligible for getting processed by all BeanPostProcessors (for example: not eligible for auto-proxying)
2018-11-26 00:27:06.470  INFO 6884 --- [restartedMain] trationDelegate$BeanPostProcessorChecker : Bean 'adminMapper' of type [org.mybatis.spring.mapper.MapperFactoryBean] is not eligible for getting processed by all BeanPostProcessors (for example: not eligible for auto-proxying)
2018-11-26 00:27:06.470  INFO 6884 --- [restartedMain] trationDelegate$BeanPostProcessorChecker : Bean 'adminMapper' of type [com.sun.proxy.$Proxy55] is not eligible for getting processed by all BeanPostProcessors (for example: not eligible for auto-proxying)
2018-11-26 00:27:06.486  INFO 6884 --- [restartedMain] trationDelegate$BeanPostProcessorChecker : Bean 'adminServiceImpl' of type [com.funnycode.myblog.service.impl.AdminServiceImpl] is not eligible for getting processed by all BeanPostProcessors (for example: not eligible for auto-proxying)
2018-11-26 00:27:06.564  INFO 6884 --- [restartedMain] trationDelegate$BeanPostProcessorChecker : Bean 'adminRealm' of type [com.funnycode.myblog.shiro.realm.AdminRealm] is not eligible for getting processed by all BeanPostProcessors (for example: not eligible for auto-proxying)
2018-11-26 00:27:06.626  INFO 6884 --- [restartedMain] trationDelegate$BeanPostProcessorChecker : Bean 'userMapper' of type [org.mybatis.spring.mapper.MapperFactoryBean] is not eligible for getting processed by all BeanPostProcessors (for example: not eligible for auto-proxying)
2018-11-26 00:27:06.642  INFO 6884 --- [restartedMain] trationDelegate$BeanPostProcessorChecker : Bean 'userMapper' of type [com.sun.proxy.$Proxy59] is not eligible for getting processed by all BeanPostProcessors (for example: not eligible for auto-proxying)
2018-11-26 00:27:06.642  INFO 6884 --- [restartedMain] trationDelegate$BeanPostProcessorChecker : Bean 'userServiceImpl' of type [com.funnycode.myblog.service.impl.UserServiceImpl] is not eligible for getting processed by all BeanPostProcessors (for example: not eligible for auto-proxying)
2018-11-26 00:27:06.642  INFO 6884 --- [restartedMain] trationDelegate$BeanPostProcessorChecker : Bean 'userRealm' of type [com.funnycode.myblog.shiro.realm.UserRealm] is not eligible for getting processed by all BeanPostProcessors (for example: not eligible for auto-proxying)
2018-11-26 00:27:06.720  INFO 6884 --- [restartedMain] trationDelegate$BeanPostProcessorChecker : Bean 'rememberMeCookie' of type [org.apache.shiro.web.servlet.SimpleCookie] is not eligible for getting processed by all BeanPostProcessors (for example: not eligible for auto-proxying)
2018-11-26 00:27:06.735  INFO 6884 --- [restartedMain] trationDelegate$BeanPostProcessorChecker : Bean 'cookieRememberMeManager' of type [org.apache.shiro.web.mgt.CookieRememberMeManager] is not eligible for getting processed by all BeanPostProcessors (for example: not eligible for auto-proxying)
2018-11-26 00:27:06.751  INFO 6884 --- [restartedMain] trationDelegate$BeanPostProcessorChecker : Bean 'securityManager' of type [org.apache.shiro.web.mgt.DefaultWebSecurityManager] is not eligible for getting processed by all BeanPostProcessors (for example: not eligible for auto-proxying)
2018-11-26 00:27:06.751  INFO 6884 --- [restartedMain] com.funnycode.myblog.shiro.ShiroConfig   : Shiro拦截器注入成功
2018-11-26 00:27:09.746  INFO 6884 --- [restartedMain] o.s.b.w.embedded.tomcat.TomcatWebServer  : Tomcat initialized with port(s): 8080 (http)
2018-11-26 00:27:09.887  INFO 6884 --- [restartedMain] o.apache.catalina.core.StandardService   : Starting service [Tomcat]
2018-11-26 00:27:09.887  INFO 6884 --- [restartedMain] org.apache.catalina.core.StandardEngine  : Starting Servlet Engine: Apache Tomcat/9.0.12
2018-11-26 00:27:09.933  INFO 6884 --- [restartedMain] o.a.catalina.core.AprLifecycleListener   : Loaded APR based Apache Tomcat Native library [1.2.16] using APR version [1.6.3].
2018-11-26 00:27:09.933  INFO 6884 --- [restartedMain] o.a.catalina.core.AprLifecycleListener   : APR capabilities: IPv6 [true], sendfile [true], accept filters [false], random [true].
2018-11-26 00:27:09.933  INFO 6884 --- [restartedMain] o.a.catalina.core.AprLifecycleListener   : APR/OpenSSL configuration: useAprConnector [false], useOpenSSL [true]
2018-11-26 00:27:11.166  INFO 6884 --- [restartedMain] o.a.catalina.core.AprLifecycleListener   : OpenSSL successfully initialized [OpenSSL 1.0.2m  2 Nov 2017]
2018-11-26 00:27:11.634  INFO 6884 --- [restartedMain] o.a.c.c.C.[Tomcat].[localhost].[/]       : Initializing Spring embedded WebApplicationContext
2018-11-26 00:27:11.634  INFO 6884 --- [restartedMain] o.s.web.context.ContextLoader            : Root WebApplicationContext: initialization completed in 15575 ms
2018-11-26 00:27:11.759  INFO 6884 --- [restartedMain] o.s.b.w.servlet.ServletRegistrationBean  : Servlet dispatcherServlet mapped to [/]
2018-11-26 00:27:11.774  INFO 6884 --- [restartedMain] o.s.b.w.servlet.FilterRegistrationBean   : Mapping filter: 'characterEncodingFilter' to: [/*]
2018-11-26 00:27:11.774  INFO 6884 --- [restartedMain] o.s.b.w.servlet.FilterRegistrationBean   : Mapping filter: 'hiddenHttpMethodFilter' to: [/*]
2018-11-26 00:27:11.774  INFO 6884 --- [restartedMain] o.s.b.w.servlet.FilterRegistrationBean   : Mapping filter: 'formContentFilter' to: [/*]
2018-11-26 00:27:11.774  INFO 6884 --- [restartedMain] o.s.b.w.servlet.FilterRegistrationBean   : Mapping filter: 'requestContextFilter' to: [/*]
2018-11-26 00:27:11.774  INFO 6884 --- [restartedMain] o.s.b.w.servlet.FilterRegistrationBean   : Mapping filter: 'shiroFilter' to: [/*]
2018-11-26 00:27:11.774  INFO 6884 --- [restartedMain] o.s.b.w.servlet.FilterRegistrationBean   : Mapping filter: 'formAuthenticationFilter' to: [/*]
2018-11-26 00:27:12.897  INFO 6884 --- [restartedMain] o.s.s.concurrent.ThreadPoolTaskExecutor  : Initializing ExecutorService 'applicationTaskExecutor'
2018-11-26 00:27:13.724  WARN 6884 --- [restartedMain] org.thymeleaf.templatemode.TemplateMode  : [THYMELEAF][restartedMain] Template Mode 'HTML5' is deprecated. Using Template Mode 'HTML' instead.
2018-11-26 00:27:14.723  INFO 6884 --- [restartedMain] o.s.b.d.a.OptionalLiveReloadServer       : LiveReload server is running on port 35729
2018-11-26 00:27:14.972  INFO 6884 --- [restartedMain] o.s.b.w.embedded.tomcat.TomcatWebServer  : Tomcat started on port(s): 8080 (http) with context path ''
2018-11-26 00:27:15.003  INFO 6884 --- [restartedMain] com.funnycode.MyblogApplication          : Started MyblogApplication in 20.835 seconds (JVM running for 23.673)
2018-11-26 00:27:42.117  INFO 6884 --- [http-nio-8080-exec-1] o.a.c.c.C.[Tomcat].[localhost].[/]       : Initializing Spring DispatcherServlet 'dispatcherServlet'
2018-11-26 00:27:42.117  INFO 6884 --- [http-nio-8080-exec-1] o.s.web.servlet.DispatcherServlet        : Initializing Servlet 'dispatcherServlet'
2018-11-26 00:27:42.195  INFO 6884 --- [http-nio-8080-exec-1] o.s.web.servlet.DispatcherServlet        : Completed initialization in 78 ms
2018-11-26 00:27:57.920  INFO 6884 --- [http-nio-8080-exec-2] c.f.myblog.controller.UserController     : 進入用户login方法了
2018-11-26 00:27:57.936  INFO 6884 --- [http-nio-8080-exec-2] c.f.myblog.shiro.realm.UserRealm         : 用户身份认证
2018-11-26 00:27:57.936  INFO 6884 --- [http-nio-8080-exec-2] c.f.myblog.shiro.realm.UserRealm         : token:13143377027
2018-11-26 00:27:58.529  INFO 6884 --- [http-nio-8080-exec-2] com.alibaba.druid.pool.DruidDataSource   : {dataSource-1} inited
2018-11-26 00:27:59.886  INFO 6884 --- [http-nio-8080-exec-2] c.f.myblog.controller.UserController     : 账号信息不正确
2018-11-26 00:31:30.462  INFO 8528 --- [restartedMain] com.funnycode.MyblogApplication          : Starting MyblogApplication on xzc-PC with PID 8528 (D:\idea-workspace\myblog\target\classes started by xzc in D:\idea-workspace\myblog)
2018-11-26 00:31:30.477  INFO 8528 --- [restartedMain] com.funnycode.MyblogApplication          : No active profile set, falling back to default profiles: default
2018-11-26 00:31:30.649  INFO 8528 --- [restartedMain] .e.DevToolsPropertyDefaultsPostProcessor : Devtools property defaults active! Set 'spring.devtools.add-properties' to 'false' to disable
2018-11-26 00:31:30.649  INFO 8528 --- [restartedMain] .e.DevToolsPropertyDefaultsPostProcessor : For additional web related logging consider setting the 'logging.level.web' property to 'DEBUG'
2018-11-26 00:31:32.740  INFO 8528 --- [restartedMain] trationDelegate$BeanPostProcessorChecker : Bean 'shiroConfig' of type [com.funnycode.myblog.shiro.ShiroConfig$$EnhancerBySpringCGLIB$$93cd2c3c] is not eligible for getting processed by all BeanPostProcessors (for example: not eligible for auto-proxying)
2018-11-26 00:31:32.755  INFO 8528 --- [restartedMain] trationDelegate$BeanPostProcessorChecker : Bean 'org.springframework.transaction.annotation.ProxyTransactionManagementConfiguration' of type [org.springframework.transaction.annotation.ProxyTransactionManagementConfiguration$$EnhancerBySpringCGLIB$$100df91d] is not eligible for getting processed by all BeanPostProcessors (for example: not eligible for auto-proxying)
2018-11-26 00:31:33.254  INFO 8528 --- [restartedMain] trationDelegate$BeanPostProcessorChecker : Bean 'modularRealmAuthenticator' of type [com.funnycode.myblog.shiro.realm.MyModularRealmAuthenticator] is not eligible for getting processed by all BeanPostProcessors (for example: not eligible for auto-proxying)
2018-11-26 00:31:33.254  INFO 8528 --- [restartedMain] trationDelegate$BeanPostProcessorChecker : Bean 'hashedCredentialsMatcher' of type [org.apache.shiro.authc.credential.HashedCredentialsMatcher] is not eligible for getting processed by all BeanPostProcessors (for example: not eligible for auto-proxying)
2018-11-26 00:31:33.473  INFO 8528 --- [restartedMain] trationDelegate$BeanPostProcessorChecker : Bean 'mybatis-org.mybatis.spring.boot.autoconfigure.MybatisProperties' of type [org.mybatis.spring.boot.autoconfigure.MybatisProperties] is not eligible for getting processed by all BeanPostProcessors (for example: not eligible for auto-proxying)
2018-11-26 00:31:33.488  INFO 8528 --- [restartedMain] trationDelegate$BeanPostProcessorChecker : Bean 'org.mybatis.spring.boot.autoconfigure.MybatisAutoConfiguration' of type [org.mybatis.spring.boot.autoconfigure.MybatisAutoConfiguration$$EnhancerBySpringCGLIB$$42e24a4d] is not eligible for getting processed by all BeanPostProcessors (for example: not eligible for auto-proxying)
2018-11-26 00:31:33.488  INFO 8528 --- [restartedMain] trationDelegate$BeanPostProcessorChecker : Bean 'org.springframework.boot.autoconfigure.jdbc.DataSourceConfiguration$Generic' of type [org.springframework.boot.autoconfigure.jdbc.DataSourceConfiguration$Generic] is not eligible for getting processed by all BeanPostProcessors (for example: not eligible for auto-proxying)
2018-11-26 00:31:33.520  INFO 8528 --- [restartedMain] trationDelegate$BeanPostProcessorChecker : Bean 'spring.datasource-org.springframework.boot.autoconfigure.jdbc.DataSourceProperties' of type [org.springframework.boot.autoconfigure.jdbc.DataSourceProperties] is not eligible for getting processed by all BeanPostProcessors (for example: not eligible for auto-proxying)
2018-11-26 00:31:33.582  INFO 8528 --- [restartedMain] trationDelegate$BeanPostProcessorChecker : Bean 'dataSource' of type [com.alibaba.druid.pool.DruidDataSource] is not eligible for getting processed by all BeanPostProcessors (for example: not eligible for auto-proxying)
2018-11-26 00:31:33.613  INFO 8528 --- [restartedMain] trationDelegate$BeanPostProcessorChecker : Bean 'org.springframework.boot.autoconfigure.jdbc.DataSourceInitializerInvoker' of type [org.springframework.boot.autoconfigure.jdbc.DataSourceInitializerInvoker] is not eligible for getting processed by all BeanPostProcessors (for example: not eligible for auto-proxying)
2018-11-26 00:31:33.754  INFO 8528 --- [restartedMain] trationDelegate$BeanPostProcessorChecker : Bean 'sqlSessionFactory' of type [org.apache.ibatis.session.defaults.DefaultSqlSessionFactory] is not eligible for getting processed by all BeanPostProcessors (for example: not eligible for auto-proxying)
2018-11-26 00:31:33.769  INFO 8528 --- [restartedMain] trationDelegate$BeanPostProcessorChecker : Bean 'sqlSessionTemplate' of type [org.mybatis.spring.SqlSessionTemplate] is not eligible for getting processed by all BeanPostProcessors (for example: not eligible for auto-proxying)
2018-11-26 00:31:33.769  INFO 8528 --- [restartedMain] trationDelegate$BeanPostProcessorChecker : Bean 'adminMapper' of type [org.mybatis.spring.mapper.MapperFactoryBean] is not eligible for getting processed by all BeanPostProcessors (for example: not eligible for auto-proxying)
2018-11-26 00:31:33.769  INFO 8528 --- [restartedMain] trationDelegate$BeanPostProcessorChecker : Bean 'adminMapper' of type [com.sun.proxy.$Proxy55] is not eligible for getting processed by all BeanPostProcessors (for example: not eligible for auto-proxying)
2018-11-26 00:31:33.769  INFO 8528 --- [restartedMain] trationDelegate$BeanPostProcessorChecker : Bean 'adminServiceImpl' of type [com.funnycode.myblog.service.impl.AdminServiceImpl] is not eligible for getting processed by all BeanPostProcessors (for example: not eligible for auto-proxying)
2018-11-26 00:31:33.800  INFO 8528 --- [restartedMain] trationDelegate$BeanPostProcessorChecker : Bean 'adminRealm' of type [com.funnycode.myblog.shiro.realm.AdminRealm] is not eligible for getting processed by all BeanPostProcessors (for example: not eligible for auto-proxying)
2018-11-26 00:31:33.816  INFO 8528 --- [restartedMain] trationDelegate$BeanPostProcessorChecker : Bean 'userMapper' of type [org.mybatis.spring.mapper.MapperFactoryBean] is not eligible for getting processed by all BeanPostProcessors (for example: not eligible for auto-proxying)
2018-11-26 00:31:33.816  INFO 8528 --- [restartedMain] trationDelegate$BeanPostProcessorChecker : Bean 'userMapper' of type [com.sun.proxy.$Proxy59] is not eligible for getting processed by all BeanPostProcessors (for example: not eligible for auto-proxying)
2018-11-26 00:31:33.816  INFO 8528 --- [restartedMain] trationDelegate$BeanPostProcessorChecker : Bean 'userServiceImpl' of type [com.funnycode.myblog.service.impl.UserServiceImpl] is not eligible for getting processed by all BeanPostProcessors (for example: not eligible for auto-proxying)
2018-11-26 00:31:33.832  INFO 8528 --- [restartedMain] trationDelegate$BeanPostProcessorChecker : Bean 'userRealm' of type [com.funnycode.myblog.shiro.realm.UserRealm] is not eligible for getting processed by all BeanPostProcessors (for example: not eligible for auto-proxying)
2018-11-26 00:31:33.832  INFO 8528 --- [restartedMain] trationDelegate$BeanPostProcessorChecker : Bean 'rememberMeCookie' of type [org.apache.shiro.web.servlet.SimpleCookie] is not eligible for getting processed by all BeanPostProcessors (for example: not eligible for auto-proxying)
2018-11-26 00:31:33.832  INFO 8528 --- [restartedMain] trationDelegate$BeanPostProcessorChecker : Bean 'cookieRememberMeManager' of type [org.apache.shiro.web.mgt.CookieRememberMeManager] is not eligible for getting processed by all BeanPostProcessors (for example: not eligible for auto-proxying)
2018-11-26 00:31:33.847  INFO 8528 --- [restartedMain] trationDelegate$BeanPostProcessorChecker : Bean 'securityManager' of type [org.apache.shiro.web.mgt.DefaultWebSecurityManager] is not eligible for getting processed by all BeanPostProcessors (for example: not eligible for auto-proxying)
2018-11-26 00:31:33.847  INFO 8528 --- [restartedMain] com.funnycode.myblog.shiro.ShiroConfig   : Shiro拦截器注入成功
2018-11-26 00:31:34.393  INFO 8528 --- [restartedMain] o.s.b.w.embedded.tomcat.TomcatWebServer  : Tomcat initialized with port(s): 8080 (http)
2018-11-26 00:31:34.409  INFO 8528 --- [restartedMain] o.apache.catalina.core.StandardService   : Starting service [Tomcat]
2018-11-26 00:31:34.409  INFO 8528 --- [restartedMain] org.apache.catalina.core.StandardEngine  : Starting Servlet Engine: Apache Tomcat/9.0.12
2018-11-26 00:31:34.424  INFO 8528 --- [restartedMain] o.a.catalina.core.AprLifecycleListener   : Loaded APR based Apache Tomcat Native library [1.2.16] using APR version [1.6.3].
2018-11-26 00:31:34.424  INFO 8528 --- [restartedMain] o.a.catalina.core.AprLifecycleListener   : APR capabilities: IPv6 [true], sendfile [true], accept filters [false], random [true].
2018-11-26 00:31:34.424  INFO 8528 --- [restartedMain] o.a.catalina.core.AprLifecycleListener   : APR/OpenSSL configuration: useAprConnector [false], useOpenSSL [true]
2018-11-26 00:31:35.470  INFO 8528 --- [restartedMain] o.a.catalina.core.AprLifecycleListener   : OpenSSL successfully initialized [OpenSSL 1.0.2m  2 Nov 2017]
2018-11-26 00:31:35.610  INFO 8528 --- [restartedMain] o.a.c.c.C.[Tomcat].[localhost].[/]       : Initializing Spring embedded WebApplicationContext
2018-11-26 00:31:35.610  INFO 8528 --- [restartedMain] o.s.web.context.ContextLoader            : Root WebApplicationContext: initialization completed in 4961 ms
2018-11-26 00:31:35.672  INFO 8528 --- [restartedMain] o.s.b.w.servlet.ServletRegistrationBean  : Servlet dispatcherServlet mapped to [/]
2018-11-26 00:31:35.688  INFO 8528 --- [restartedMain] o.s.b.w.servlet.FilterRegistrationBean   : Mapping filter: 'characterEncodingFilter' to: [/*]
2018-11-26 00:31:35.688  INFO 8528 --- [restartedMain] o.s.b.w.servlet.FilterRegistrationBean   : Mapping filter: 'hiddenHttpMethodFilter' to: [/*]
2018-11-26 00:31:35.688  INFO 8528 --- [restartedMain] o.s.b.w.servlet.FilterRegistrationBean   : Mapping filter: 'formContentFilter' to: [/*]
2018-11-26 00:31:35.688  INFO 8528 --- [restartedMain] o.s.b.w.servlet.FilterRegistrationBean   : Mapping filter: 'requestContextFilter' to: [/*]
2018-11-26 00:31:35.688  INFO 8528 --- [restartedMain] o.s.b.w.servlet.FilterRegistrationBean   : Mapping filter: 'shiroFilter' to: [/*]
2018-11-26 00:31:35.688  INFO 8528 --- [restartedMain] o.s.b.w.servlet.FilterRegistrationBean   : Mapping filter: 'formAuthenticationFilter' to: [/*]
2018-11-26 00:31:36.062  INFO 8528 --- [restartedMain] o.s.s.concurrent.ThreadPoolTaskExecutor  : Initializing ExecutorService 'applicationTaskExecutor'
2018-11-26 00:31:36.250  WARN 8528 --- [restartedMain] org.thymeleaf.templatemode.TemplateMode  : [THYMELEAF][restartedMain] Template Mode 'HTML5' is deprecated. Using Template Mode 'HTML' instead.
2018-11-26 00:31:36.562  INFO 8528 --- [restartedMain] o.s.b.d.a.OptionalLiveReloadServer       : LiveReload server is running on port 35729
2018-11-26 00:31:36.655  INFO 8528 --- [restartedMain] o.s.b.w.embedded.tomcat.TomcatWebServer  : Tomcat started on port(s): 8080 (http) with context path ''
2018-11-26 00:31:36.655  INFO 8528 --- [restartedMain] com.funnycode.MyblogApplication          : Started MyblogApplication in 7.27 seconds (JVM running for 8.652)
2018-11-26 00:31:43.816  INFO 8528 --- [http-nio-8080-exec-1] o.a.c.c.C.[Tomcat].[localhost].[/]       : Initializing Spring DispatcherServlet 'dispatcherServlet'
2018-11-26 00:31:43.816  INFO 8528 --- [http-nio-8080-exec-1] o.s.web.servlet.DispatcherServlet        : Initializing Servlet 'dispatcherServlet'
2018-11-26 00:31:43.831  INFO 8528 --- [http-nio-8080-exec-1] o.s.web.servlet.DispatcherServlet        : Completed initialization in 15 ms
2018-11-26 00:32:06.389  INFO 8528 --- [http-nio-8080-exec-2] c.f.myblog.controller.UserController     : 進入用户login方法了
2018-11-26 00:32:06.389  INFO 8528 --- [http-nio-8080-exec-2] c.f.myblog.shiro.realm.UserRealm         : 用户身份认证
2018-11-26 00:32:06.389  INFO 8528 --- [http-nio-8080-exec-2] c.f.myblog.shiro.realm.UserRealm         : token:13143377027
2018-11-26 00:32:06.467  INFO 8528 --- [http-nio-8080-exec-2] com.alibaba.druid.pool.DruidDataSource   : {dataSource-1} inited
2018-11-26 00:32:07.996  INFO 8528 --- [http-nio-8080-exec-2] c.f.myblog.controller.UserController     : 131433770278330ed2e214b652993a9a7ac216b1599高数5
2018-11-26 00:33:47.446  INFO 8528 --- [Thread-20] o.s.s.concurrent.ThreadPoolTaskExecutor  : Shutting down ExecutorService 'applicationTaskExecutor'
2018-11-26 00:33:47.461  INFO 8528 --- [Thread-20] com.alibaba.druid.pool.DruidDataSource   : {dataSource-1} closed
2018-11-26 00:33:48.444  INFO 8528 --- [restartedMain] com.funnycode.MyblogApplication          : Starting MyblogApplication on xzc-PC with PID 8528 (D:\idea-workspace\myblog\target\classes started by xzc in D:\idea-workspace\myblog)
2018-11-26 00:33:48.444  INFO 8528 --- [restartedMain] com.funnycode.MyblogApplication          : No active profile set, falling back to default profiles: default
2018-11-26 00:33:49.053  INFO 8528 --- [restartedMain] trationDelegate$BeanPostProcessorChecker : Bean 'shiroConfig' of type [com.funnycode.myblog.shiro.ShiroConfig$$EnhancerBySpringCGLIB$$93cd2c3c] is not eligible for getting processed by all BeanPostProcessors (for example: not eligible for auto-proxying)
2018-11-26 00:33:49.068  INFO 8528 --- [restartedMain] trationDelegate$BeanPostProcessorChecker : Bean 'org.springframework.transaction.annotation.ProxyTransactionManagementConfiguration' of type [org.springframework.transaction.annotation.ProxyTransactionManagementConfiguration$$EnhancerBySpringCGLIB$$100df91d] is not eligible for getting processed by all BeanPostProcessors (for example: not eligible for auto-proxying)
2018-11-26 00:33:49.068  INFO 8528 --- [restartedMain] trationDelegate$BeanPostProcessorChecker : Bean 'modularRealmAuthenticator' of type [com.funnycode.myblog.shiro.realm.MyModularRealmAuthenticator] is not eligible for getting processed by all BeanPostProcessors (for example: not eligible for auto-proxying)
2018-11-26 00:33:49.068  INFO 8528 --- [restartedMain] trationDelegate$BeanPostProcessorChecker : Bean 'hashedCredentialsMatcher' of type [org.apache.shiro.authc.credential.HashedCredentialsMatcher] is not eligible for getting processed by all BeanPostProcessors (for example: not eligible for auto-proxying)
2018-11-26 00:33:49.115  INFO 8528 --- [restartedMain] trationDelegate$BeanPostProcessorChecker : Bean 'mybatis-org.mybatis.spring.boot.autoconfigure.MybatisProperties' of type [org.mybatis.spring.boot.autoconfigure.MybatisProperties] is not eligible for getting processed by all BeanPostProcessors (for example: not eligible for auto-proxying)
2018-11-26 00:33:49.115  INFO 8528 --- [restartedMain] trationDelegate$BeanPostProcessorChecker : Bean 'org.mybatis.spring.boot.autoconfigure.MybatisAutoConfiguration' of type [org.mybatis.spring.boot.autoconfigure.MybatisAutoConfiguration$$EnhancerBySpringCGLIB$$42e24a4d] is not eligible for getting processed by all BeanPostProcessors (for example: not eligible for auto-proxying)
2018-11-26 00:33:49.131  INFO 8528 --- [restartedMain] trationDelegate$BeanPostProcessorChecker : Bean 'org.springframework.boot.autoconfigure.jdbc.DataSourceConfiguration$Generic' of type [org.springframework.boot.autoconfigure.jdbc.DataSourceConfiguration$Generic] is not eligible for getting processed by all BeanPostProcessors (for example: not eligible for auto-proxying)
2018-11-26 00:33:49.131  INFO 8528 --- [restartedMain] trationDelegate$BeanPostProcessorChecker : Bean 'spring.datasource-org.springframework.boot.autoconfigure.jdbc.DataSourceProperties' of type [org.springframework.boot.autoconfigure.jdbc.DataSourceProperties] is not eligible for getting processed by all BeanPostProcessors (for example: not eligible for auto-proxying)
2018-11-26 00:33:49.162  INFO 8528 --- [restartedMain] trationDelegate$BeanPostProcessorChecker : Bean 'dataSource' of type [com.alibaba.druid.pool.DruidDataSource] is not eligible for getting processed by all BeanPostProcessors (for example: not eligible for auto-proxying)
2018-11-26 00:33:49.162  INFO 8528 --- [restartedMain] trationDelegate$BeanPostProcessorChecker : Bean 'org.springframework.boot.autoconfigure.jdbc.DataSourceInitializerInvoker' of type [org.springframework.boot.autoconfigure.jdbc.DataSourceInitializerInvoker] is not eligible for getting processed by all BeanPostProcessors (for example: not eligible for auto-proxying)
2018-11-26 00:33:49.193  INFO 8528 --- [restartedMain] trationDelegate$BeanPostProcessorChecker : Bean 'sqlSessionFactory' of type [org.apache.ibatis.session.defaults.DefaultSqlSessionFactory] is not eligible for getting processed by all BeanPostProcessors (for example: not eligible for auto-proxying)
2018-11-26 00:33:49.193  INFO 8528 --- [restartedMain] trationDelegate$BeanPostProcessorChecker : Bean 'sqlSessionTemplate' of type [org.mybatis.spring.SqlSessionTemplate] is not eligible for getting processed by all BeanPostProcessors (for example: not eligible for auto-proxying)
2018-11-26 00:33:49.209  INFO 8528 --- [restartedMain] trationDelegate$BeanPostProcessorChecker : Bean 'adminMapper' of type [org.mybatis.spring.mapper.MapperFactoryBean] is not eligible for getting processed by all BeanPostProcessors (for example: not eligible for auto-proxying)
2018-11-26 00:33:49.209  INFO 8528 --- [restartedMain] trationDelegate$BeanPostProcessorChecker : Bean 'adminMapper' of type [com.sun.proxy.$Proxy79] is not eligible for getting processed by all BeanPostProcessors (for example: not eligible for auto-proxying)
2018-11-26 00:33:49.209  INFO 8528 --- [restartedMain] trationDelegate$BeanPostProcessorChecker : Bean 'adminServiceImpl' of type [com.funnycode.myblog.service.impl.AdminServiceImpl] is not eligible for getting processed by all BeanPostProcessors (for example: not eligible for auto-proxying)
2018-11-26 00:33:49.209  INFO 8528 --- [restartedMain] trationDelegate$BeanPostProcessorChecker : Bean 'adminRealm' of type [com.funnycode.myblog.shiro.realm.AdminRealm] is not eligible for getting processed by all BeanPostProcessors (for example: not eligible for auto-proxying)
2018-11-26 00:33:49.240  INFO 8528 --- [restartedMain] trationDelegate$BeanPostProcessorChecker : Bean 'userMapper' of type [org.mybatis.spring.mapper.MapperFactoryBean] is not eligible for getting processed by all BeanPostProcessors (for example: not eligible for auto-proxying)
2018-11-26 00:33:49.240  INFO 8528 --- [restartedMain] trationDelegate$BeanPostProcessorChecker : Bean 'userMapper' of type [com.sun.proxy.$Proxy80] is not eligible for getting processed by all BeanPostProcessors (for example: not eligible for auto-proxying)
2018-11-26 00:33:49.240  INFO 8528 --- [restartedMain] trationDelegate$BeanPostProcessorChecker : Bean 'userServiceImpl' of type [com.funnycode.myblog.service.impl.UserServiceImpl] is not eligible for getting processed by all BeanPostProcessors (for example: not eligible for auto-proxying)
2018-11-26 00:33:49.240  INFO 8528 --- [restartedMain] trationDelegate$BeanPostProcessorChecker : Bean 'userRealm' of type [com.funnycode.myblog.shiro.realm.UserRealm] is not eligible for getting processed by all BeanPostProcessors (for example: not eligible for auto-proxying)
2018-11-26 00:33:49.240  INFO 8528 --- [restartedMain] trationDelegate$BeanPostProcessorChecker : Bean 'rememberMeCookie' of type [org.apache.shiro.web.servlet.SimpleCookie] is not eligible for getting processed by all BeanPostProcessors (for example: not eligible for auto-proxying)
2018-11-26 00:33:49.240  INFO 8528 --- [restartedMain] trationDelegate$BeanPostProcessorChecker : Bean 'cookieRememberMeManager' of type [org.apache.shiro.web.mgt.CookieRememberMeManager] is not eligible for getting processed by all BeanPostProcessors (for example: not eligible for auto-proxying)
2018-11-26 00:33:49.240  INFO 8528 --- [restartedMain] trationDelegate$BeanPostProcessorChecker : Bean 'securityManager' of type [org.apache.shiro.web.mgt.DefaultWebSecurityManager] is not eligible for getting processed by all BeanPostProcessors (for example: not eligible for auto-proxying)
2018-11-26 00:33:49.255  INFO 8528 --- [restartedMain] com.funnycode.myblog.shiro.ShiroConfig   : Shiro拦截器注入成功
2018-11-26 00:33:49.396  INFO 8528 --- [restartedMain] o.s.b.w.embedded.tomcat.TomcatWebServer  : Tomcat initialized with port(s): 8080 (http)
2018-11-26 00:33:49.396  INFO 8528 --- [restartedMain] o.apache.catalina.core.StandardService   : Starting service [Tomcat]
2018-11-26 00:33:49.396  INFO 8528 --- [restartedMain] org.apache.catalina.core.StandardEngine  : Starting Servlet Engine: Apache Tomcat/9.0.12
2018-11-26 00:33:49.396  INFO 8528 --- [restartedMain] o.a.catalina.core.AprLifecycleListener   : Loaded APR based Apache Tomcat Native library [1.2.16] using APR version [1.6.3].
2018-11-26 00:33:49.396  INFO 8528 --- [restartedMain] o.a.catalina.core.AprLifecycleListener   : APR capabilities: IPv6 [true], sendfile [true], accept filters [false], random [true].
2018-11-26 00:33:49.396  INFO 8528 --- [restartedMain] o.a.catalina.core.AprLifecycleListener   : APR/OpenSSL configuration: useAprConnector [false], useOpenSSL [true]
2018-11-26 00:33:49.411  INFO 8528 --- [restartedMain] o.a.catalina.core.AprLifecycleListener   : OpenSSL successfully initialized [OpenSSL 1.0.2m  2 Nov 2017]
2018-11-26 00:33:49.443  INFO 8528 --- [restartedMain] o.a.c.c.C.[Tomcat].[localhost].[/]       : Initializing Spring embedded WebApplicationContext
2018-11-26 00:33:49.443  INFO 8528 --- [restartedMain] o.s.web.context.ContextLoader            : Root WebApplicationContext: initialization completed in 999 ms
2018-11-26 00:33:49.458  INFO 8528 --- [restartedMain] o.s.b.w.servlet.ServletRegistrationBean  : Servlet dispatcherServlet mapped to [/]
2018-11-26 00:33:49.458  INFO 8528 --- [restartedMain] o.s.b.w.servlet.FilterRegistrationBean   : Mapping filter: 'characterEncodingFilter' to: [/*]
2018-11-26 00:33:49.458  INFO 8528 --- [restartedMain] o.s.b.w.servlet.FilterRegistrationBean   : Mapping filter: 'hiddenHttpMethodFilter' to: [/*]
2018-11-26 00:33:49.458  INFO 8528 --- [restartedMain] o.s.b.w.servlet.FilterRegistrationBean   : Mapping filter: 'formContentFilter' to: [/*]
2018-11-26 00:33:49.458  INFO 8528 --- [restartedMain] o.s.b.w.servlet.FilterRegistrationBean   : Mapping filter: 'requestContextFilter' to: [/*]
2018-11-26 00:33:49.458  INFO 8528 --- [restartedMain] o.s.b.w.servlet.FilterRegistrationBean   : Mapping filter: 'shiroFilter' to: [/*]
2018-11-26 00:33:49.458  INFO 8528 --- [restartedMain] o.s.b.w.servlet.FilterRegistrationBean   : Mapping filter: 'formAuthenticationFilter' to: [/*]
2018-11-26 00:33:49.599  INFO 8528 --- [restartedMain] o.s.s.concurrent.ThreadPoolTaskExecutor  : Initializing ExecutorService 'applicationTaskExecutor'
2018-11-26 00:33:49.739  WARN 8528 --- [restartedMain] org.thymeleaf.templatemode.TemplateMode  : [THYMELEAF][restartedMain] Template Mode 'HTML5' is deprecated. Using Template Mode 'HTML' instead.
2018-11-26 00:33:50.020  INFO 8528 --- [restartedMain] o.s.b.d.a.OptionalLiveReloadServer       : LiveReload server is running on port 35729
2018-11-26 00:33:50.098  INFO 8528 --- [restartedMain] o.s.b.w.embedded.tomcat.TomcatWebServer  : Tomcat started on port(s): 8080 (http) with context path ''
2018-11-26 00:33:50.098  INFO 8528 --- [restartedMain] com.funnycode.MyblogApplication          : Started MyblogApplication in 1.716 seconds (JVM running for 142.097)
2018-11-26 00:33:50.113  INFO 8528 --- [restartedMain] .ConditionEvaluationDeltaLoggingListener : Condition evaluation unchanged
2018-11-26 00:33:50.129  INFO 8528 --- [http-nio-8080-exec-1] o.a.c.c.C.[Tomcat].[localhost].[/]       : Initializing Spring DispatcherServlet 'dispatcherServlet'
2018-11-26 00:33:50.129  INFO 8528 --- [http-nio-8080-exec-1] o.s.web.servlet.DispatcherServlet        : Initializing Servlet 'dispatcherServlet'
2018-11-26 00:33:50.129  INFO 8528 --- [http-nio-8080-exec-1] o.s.web.servlet.DispatcherServlet        : Completed initialization in 0 ms
2018-11-26 00:33:50.129  INFO 8528 --- [http-nio-8080-exec-1] c.f.myblog.shiro.realm.AdminRealm        : 管理员权限认证
2018-11-26 00:33:50.129  INFO 8528 --- [http-nio-8080-exec-1] c.f.myblog.shiro.realm.UserRealm         : 用户权限认证
2018-11-26 00:33:50.129  INFO 8528 --- [http-nio-8080-exec-1] c.f.myblog.shiro.realm.UserRealm         : 当前用户：高数5
2018-11-26 00:33:50.145  INFO 8528 --- [http-nio-8080-exec-1] c.f.myblog.controller.UserController     : 当前用户已退出登录
2018-11-26 00:33:59.349  INFO 8528 --- [http-nio-8080-exec-10] c.f.myblog.controller.UserController     : 進入用户login方法了
2018-11-26 00:33:59.349  INFO 8528 --- [http-nio-8080-exec-10] c.f.myblog.shiro.realm.UserRealm         : 用户身份认证
2018-11-26 00:33:59.349  INFO 8528 --- [http-nio-8080-exec-10] c.f.myblog.shiro.realm.UserRealm         : token:13143377024
2018-11-26 00:33:59.364  INFO 8528 --- [http-nio-8080-exec-10] com.alibaba.druid.pool.DruidDataSource   : {dataSource-2} inited
2018-11-26 00:33:59.380  INFO 8528 --- [http-nio-8080-exec-10] c.f.myblog.controller.UserController     : 当前密码不正确
2018-11-26 00:34:09.988  INFO 8528 --- [http-nio-8080-exec-1] c.f.myblog.controller.UserController     : 進入用户login方法了
2018-11-26 00:34:09.988  INFO 8528 --- [http-nio-8080-exec-1] c.f.myblog.shiro.realm.UserRealm         : 用户身份认证
2018-11-26 00:34:09.988  INFO 8528 --- [http-nio-8080-exec-1] c.f.myblog.shiro.realm.UserRealm         : token:13143377024
2018-11-26 00:34:10.269  INFO 8528 --- [http-nio-8080-exec-1] c.f.myblog.controller.UserController     : 131433770248c6577d340c4c8729921c8c5cc1ec6ba高数2
2018-11-26 00:41:35.985  INFO 8484 --- [restartedMain] com.funnycode.MyblogApplication          : Starting MyblogApplication on xzc-PC with PID 8484 (D:\idea-workspace\myblog\target\classes started by xzc in D:\idea-workspace\myblog)
2018-11-26 00:41:35.985  INFO 8484 --- [restartedMain] com.funnycode.MyblogApplication          : No active profile set, falling back to default profiles: default
2018-11-26 00:41:36.188  INFO 8484 --- [restartedMain] .e.DevToolsPropertyDefaultsPostProcessor : Devtools property defaults active! Set 'spring.devtools.add-properties' to 'false' to disable
2018-11-26 00:41:36.203  INFO 8484 --- [restartedMain] .e.DevToolsPropertyDefaultsPostProcessor : For additional web related logging consider setting the 'logging.level.web' property to 'DEBUG'
2018-11-26 00:41:37.592  INFO 8484 --- [restartedMain] trationDelegate$BeanPostProcessorChecker : Bean 'shiroConfig' of type [com.funnycode.myblog.shiro.ShiroConfig$$EnhancerBySpringCGLIB$$cac22ef4] is not eligible for getting processed by all BeanPostProcessors (for example: not eligible for auto-proxying)
2018-11-26 00:41:37.607  INFO 8484 --- [restartedMain] trationDelegate$BeanPostProcessorChecker : Bean 'org.springframework.transaction.annotation.ProxyTransactionManagementConfiguration' of type [org.springframework.transaction.annotation.ProxyTransactionManagementConfiguration$$EnhancerBySpringCGLIB$$4702fbd5] is not eligible for getting processed by all BeanPostProcessors (for example: not eligible for auto-proxying)
2018-11-26 00:41:38.013  INFO 8484 --- [restartedMain] trationDelegate$BeanPostProcessorChecker : Bean 'modularRealmAuthenticator' of type [com.funnycode.myblog.shiro.realm.MyModularRealmAuthenticator] is not eligible for getting processed by all BeanPostProcessors (for example: not eligible for auto-proxying)
2018-11-26 00:41:38.029  INFO 8484 --- [restartedMain] trationDelegate$BeanPostProcessorChecker : Bean 'hashedCredentialsMatcher' of type [org.apache.shiro.authc.credential.HashedCredentialsMatcher] is not eligible for getting processed by all BeanPostProcessors (for example: not eligible for auto-proxying)
2018-11-26 00:41:38.185  INFO 8484 --- [restartedMain] trationDelegate$BeanPostProcessorChecker : Bean 'mybatis-org.mybatis.spring.boot.autoconfigure.MybatisProperties' of type [org.mybatis.spring.boot.autoconfigure.MybatisProperties] is not eligible for getting processed by all BeanPostProcessors (for example: not eligible for auto-proxying)
2018-11-26 00:41:38.200  INFO 8484 --- [restartedMain] trationDelegate$BeanPostProcessorChecker : Bean 'org.mybatis.spring.boot.autoconfigure.MybatisAutoConfiguration' of type [org.mybatis.spring.boot.autoconfigure.MybatisAutoConfiguration$$EnhancerBySpringCGLIB$$79d74d05] is not eligible for getting processed by all BeanPostProcessors (for example: not eligible for auto-proxying)
2018-11-26 00:41:38.200  INFO 8484 --- [restartedMain] trationDelegate$BeanPostProcessorChecker : Bean 'org.springframework.boot.autoconfigure.jdbc.DataSourceConfiguration$Generic' of type [org.springframework.boot.autoconfigure.jdbc.DataSourceConfiguration$Generic] is not eligible for getting processed by all BeanPostProcessors (for example: not eligible for auto-proxying)
2018-11-26 00:41:38.216  INFO 8484 --- [restartedMain] trationDelegate$BeanPostProcessorChecker : Bean 'spring.datasource-org.springframework.boot.autoconfigure.jdbc.DataSourceProperties' of type [org.springframework.boot.autoconfigure.jdbc.DataSourceProperties] is not eligible for getting processed by all BeanPostProcessors (for example: not eligible for auto-proxying)
2018-11-26 00:41:38.278  INFO 8484 --- [restartedMain] trationDelegate$BeanPostProcessorChecker : Bean 'dataSource' of type [com.alibaba.druid.pool.DruidDataSource] is not eligible for getting processed by all BeanPostProcessors (for example: not eligible for auto-proxying)
2018-11-26 00:41:38.309  INFO 8484 --- [restartedMain] trationDelegate$BeanPostProcessorChecker : Bean 'org.springframework.boot.autoconfigure.jdbc.DataSourceInitializerInvoker' of type [org.springframework.boot.autoconfigure.jdbc.DataSourceInitializerInvoker] is not eligible for getting processed by all BeanPostProcessors (for example: not eligible for auto-proxying)
2018-11-26 00:41:38.528  INFO 8484 --- [restartedMain] trationDelegate$BeanPostProcessorChecker : Bean 'sqlSessionFactory' of type [org.apache.ibatis.session.defaults.DefaultSqlSessionFactory] is not eligible for getting processed by all BeanPostProcessors (for example: not eligible for auto-proxying)
2018-11-26 00:41:38.543  INFO 8484 --- [restartedMain] trationDelegate$BeanPostProcessorChecker : Bean 'sqlSessionTemplate' of type [org.mybatis.spring.SqlSessionTemplate] is not eligible for getting processed by all BeanPostProcessors (for example: not eligible for auto-proxying)
2018-11-26 00:41:38.543  INFO 8484 --- [restartedMain] trationDelegate$BeanPostProcessorChecker : Bean 'adminMapper' of type [org.mybatis.spring.mapper.MapperFactoryBean] is not eligible for getting processed by all BeanPostProcessors (for example: not eligible for auto-proxying)
2018-11-26 00:41:38.543  INFO 8484 --- [restartedMain] trationDelegate$BeanPostProcessorChecker : Bean 'adminMapper' of type [com.sun.proxy.$Proxy55] is not eligible for getting processed by all BeanPostProcessors (for example: not eligible for auto-proxying)
2018-11-26 00:41:38.543  INFO 8484 --- [restartedMain] trationDelegate$BeanPostProcessorChecker : Bean 'adminServiceImpl' of type [com.funnycode.myblog.service.impl.AdminServiceImpl] is not eligible for getting processed by all BeanPostProcessors (for example: not eligible for auto-proxying)
2018-11-26 00:41:38.575  INFO 8484 --- [restartedMain] trationDelegate$BeanPostProcessorChecker : Bean 'adminRealm' of type [com.funnycode.myblog.shiro.realm.AdminRealm] is not eligible for getting processed by all BeanPostProcessors (for example: not eligible for auto-proxying)
2018-11-26 00:41:38.590  INFO 8484 --- [restartedMain] trationDelegate$BeanPostProcessorChecker : Bean 'userMapper' of type [org.mybatis.spring.mapper.MapperFactoryBean] is not eligible for getting processed by all BeanPostProcessors (for example: not eligible for auto-proxying)
2018-11-26 00:41:38.590  INFO 8484 --- [restartedMain] trationDelegate$BeanPostProcessorChecker : Bean 'userMapper' of type [com.sun.proxy.$Proxy59] is not eligible for getting processed by all BeanPostProcessors (for example: not eligible for auto-proxying)
2018-11-26 00:41:38.590  INFO 8484 --- [restartedMain] trationDelegate$BeanPostProcessorChecker : Bean 'userServiceImpl' of type [com.funnycode.myblog.service.impl.UserServiceImpl] is not eligible for getting processed by all BeanPostProcessors (for example: not eligible for auto-proxying)
2018-11-26 00:41:38.606  INFO 8484 --- [restartedMain] trationDelegate$BeanPostProcessorChecker : Bean 'userRealm' of type [com.funnycode.myblog.shiro.realm.UserRealm] is not eligible for getting processed by all BeanPostProcessors (for example: not eligible for auto-proxying)
2018-11-26 00:41:38.606  INFO 8484 --- [restartedMain] trationDelegate$BeanPostProcessorChecker : Bean 'rememberMeCookie' of type [org.apache.shiro.web.servlet.SimpleCookie] is not eligible for getting processed by all BeanPostProcessors (for example: not eligible for auto-proxying)
2018-11-26 00:41:38.606  INFO 8484 --- [restartedMain] trationDelegate$BeanPostProcessorChecker : Bean 'cookieRememberMeManager' of type [org.apache.shiro.web.mgt.CookieRememberMeManager] is not eligible for getting processed by all BeanPostProcessors (for example: not eligible for auto-proxying)
2018-11-26 00:41:38.621  INFO 8484 --- [restartedMain] trationDelegate$BeanPostProcessorChecker : Bean 'securityManager' of type [org.apache.shiro.web.mgt.DefaultWebSecurityManager] is not eligible for getting processed by all BeanPostProcessors (for example: not eligible for auto-proxying)
2018-11-26 00:41:38.621  INFO 8484 --- [restartedMain] com.funnycode.myblog.shiro.ShiroConfig   : Shiro拦截器注入成功
2018-11-26 00:41:39.152  INFO 8484 --- [restartedMain] o.s.b.w.embedded.tomcat.TomcatWebServer  : Tomcat initialized with port(s): 8080 (http)
2018-11-26 00:41:39.167  INFO 8484 --- [restartedMain] o.apache.catalina.core.StandardService   : Starting service [Tomcat]
2018-11-26 00:41:39.167  INFO 8484 --- [restartedMain] org.apache.catalina.core.StandardEngine  : Starting Servlet Engine: Apache Tomcat/9.0.12
2018-11-26 00:41:39.183  INFO 8484 --- [restartedMain] o.a.catalina.core.AprLifecycleListener   : Loaded APR based Apache Tomcat Native library [1.2.16] using APR version [1.6.3].
2018-11-26 00:41:39.183  INFO 8484 --- [restartedMain] o.a.catalina.core.AprLifecycleListener   : APR capabilities: IPv6 [true], sendfile [true], accept filters [false], random [true].
2018-11-26 00:41:39.183  INFO 8484 --- [restartedMain] o.a.catalina.core.AprLifecycleListener   : APR/OpenSSL configuration: useAprConnector [false], useOpenSSL [true]
2018-11-26 00:41:40.213  INFO 8484 --- [restartedMain] o.a.catalina.core.AprLifecycleListener   : OpenSSL successfully initialized [OpenSSL 1.0.2m  2 Nov 2017]
2018-11-26 00:41:40.322  INFO 8484 --- [restartedMain] o.a.c.c.C.[Tomcat].[localhost].[/]       : Initializing Spring embedded WebApplicationContext
2018-11-26 00:41:40.322  INFO 8484 --- [restartedMain] o.s.web.context.ContextLoader            : Root WebApplicationContext: initialization completed in 4119 ms
2018-11-26 00:41:40.384  INFO 8484 --- [restartedMain] o.s.b.w.servlet.ServletRegistrationBean  : Servlet dispatcherServlet mapped to [/]
2018-11-26 00:41:40.384  INFO 8484 --- [restartedMain] o.s.b.w.servlet.FilterRegistrationBean   : Mapping filter: 'characterEncodingFilter' to: [/*]
2018-11-26 00:41:40.384  INFO 8484 --- [restartedMain] o.s.b.w.servlet.FilterRegistrationBean   : Mapping filter: 'hiddenHttpMethodFilter' to: [/*]
2018-11-26 00:41:40.384  INFO 8484 --- [restartedMain] o.s.b.w.servlet.FilterRegistrationBean   : Mapping filter: 'formContentFilter' to: [/*]
2018-11-26 00:41:40.384  INFO 8484 --- [restartedMain] o.s.b.w.servlet.FilterRegistrationBean   : Mapping filter: 'requestContextFilter' to: [/*]
2018-11-26 00:41:40.384  INFO 8484 --- [restartedMain] o.s.b.w.servlet.FilterRegistrationBean   : Mapping filter: 'shiroFilter' to: [/*]
2018-11-26 00:41:40.384  INFO 8484 --- [restartedMain] o.s.b.w.servlet.FilterRegistrationBean   : Mapping filter: 'formAuthenticationFilter' to: [/*]
2018-11-26 00:41:40.634  INFO 8484 --- [restartedMain] o.s.s.concurrent.ThreadPoolTaskExecutor  : Initializing ExecutorService 'applicationTaskExecutor'
2018-11-26 00:41:40.805  WARN 8484 --- [restartedMain] org.thymeleaf.templatemode.TemplateMode  : [THYMELEAF][restartedMain] Template Mode 'HTML5' is deprecated. Using Template Mode 'HTML' instead.
2018-11-26 00:41:41.102  INFO 8484 --- [restartedMain] o.s.b.d.a.OptionalLiveReloadServer       : LiveReload server is running on port 35729
2018-11-26 00:41:41.180  INFO 8484 --- [restartedMain] o.s.b.w.embedded.tomcat.TomcatWebServer  : Tomcat started on port(s): 8080 (http) with context path ''
2018-11-26 00:41:41.195  INFO 8484 --- [restartedMain] com.funnycode.MyblogApplication          : Started MyblogApplication in 7.3 seconds (JVM running for 8.831)
2018-11-26 00:41:47.092  INFO 8484 --- [http-nio-8080-exec-2] o.a.c.c.C.[Tomcat].[localhost].[/]       : Initializing Spring DispatcherServlet 'dispatcherServlet'
2018-11-26 00:41:47.092  INFO 8484 --- [http-nio-8080-exec-2] o.s.web.servlet.DispatcherServlet        : Initializing Servlet 'dispatcherServlet'
2018-11-26 00:41:47.108  INFO 8484 --- [http-nio-8080-exec-2] o.s.web.servlet.DispatcherServlet        : Completed initialization in 16 ms
2018-11-26 00:41:58.387  INFO 8484 --- [http-nio-8080-exec-2] c.f.myblog.controller.UserController     : 進入用户login方法了
2018-11-26 00:41:58.402  INFO 8484 --- [http-nio-8080-exec-2] c.f.myblog.shiro.realm.UserRealm         : 用户身份认证
2018-11-26 00:41:58.402  INFO 8484 --- [http-nio-8080-exec-2] c.f.myblog.shiro.realm.UserRealm         : token:13143377024
2018-11-26 00:41:58.558  INFO 8484 --- [http-nio-8080-exec-2] com.alibaba.druid.pool.DruidDataSource   : {dataSource-1} inited
2018-11-26 00:41:59.572  INFO 8484 --- [http-nio-8080-exec-2] c.f.myblog.controller.UserController     : 13143377024:高数2
2018-11-26 00:42:22.832  INFO 8484 --- [http-nio-8080-exec-10] c.f.myblog.shiro.realm.AdminRealm        : 管理员权限认证
2018-11-26 00:42:22.832  INFO 8484 --- [http-nio-8080-exec-10] c.f.myblog.shiro.realm.UserRealm         : 用户权限认证
2018-11-26 00:42:22.832  INFO 8484 --- [http-nio-8080-exec-10] c.f.myblog.shiro.realm.UserRealm         : 当前用户：高数2
2018-11-26 00:42:22.847  INFO 8484 --- [http-nio-8080-exec-10] c.f.myblog.controller.UserController     : 当前用户已退出登录
2018-11-26 00:42:31.443  INFO 8484 --- [http-nio-8080-exec-1] c.f.myblog.controller.UserController     : 進入用户login方法了
2018-11-26 00:42:31.443  INFO 8484 --- [http-nio-8080-exec-1] c.f.myblog.shiro.realm.UserRealm         : 用户身份认证
2018-11-26 00:42:31.443  INFO 8484 --- [http-nio-8080-exec-1] c.f.myblog.shiro.realm.UserRealm         : token:13143377025
2018-11-26 00:42:31.693  INFO 8484 --- [http-nio-8080-exec-1] c.f.myblog.controller.UserController     : 13143377025:高数3
2018-11-26 00:42:55.857  INFO 8484 --- [http-nio-8080-exec-9] c.f.myblog.shiro.realm.AdminRealm        : 管理员权限认证
2018-11-26 00:42:55.857  INFO 8484 --- [http-nio-8080-exec-9] c.f.myblog.shiro.realm.UserRealm         : 用户权限认证
2018-11-26 00:42:55.857  INFO 8484 --- [http-nio-8080-exec-9] c.f.myblog.shiro.realm.UserRealm         : 当前用户：高数3
2018-11-26 00:42:55.857  INFO 8484 --- [http-nio-8080-exec-9] c.f.myblog.controller.UserController     : 当前用户已退出登录
2018-11-26 00:44:00.457  INFO 8484 --- [http-nio-8080-exec-3] c.f.myblog.controller.UserController     : 進入用户login方法了
2018-11-26 00:44:00.457  INFO 8484 --- [http-nio-8080-exec-3] c.f.myblog.shiro.realm.UserRealm         : 用户身份认证
2018-11-26 00:44:00.457  INFO 8484 --- [http-nio-8080-exec-3] c.f.myblog.shiro.realm.UserRealm         : token:13143377024
2018-11-26 00:44:00.753  INFO 8484 --- [http-nio-8080-exec-3] c.f.myblog.controller.UserController     : 13143377024:高数2
